<?xml version="1.0" encoding="UTF-8"?>
<!-- Generated by org.testng.reporters.JUnitXMLReporter -->
<testsuite ignored="0" hostname="LAPTOP-UICENVRK" failures="1" tests="1" name="Test" time="25.504" errors="0" timestamp="03 Jul 2024 10:04:06 GMT">
  <testcase classname="TestComponents.OrderProduct" name="TestCase001" time="16.97">
    <failure type="java.lang.AssertionError" message="expected [2] but found [1]">
      <![CDATA[java.lang.AssertionError: expected [2] but found [1]
at PageObjects.CheckOutPage.quantityCheck(CheckOutPage.java:48)
at TestComponents.OrderProduct.TestCase001(OrderProduct.java:28)
... Removed 33 stack frames]]>
    </failure>
  </testcase> <!-- TestCase001 -->
</testsuite> <!-- Test -->
