<?xml version="1.0" encoding="UTF-8"?>
<testng-results ignored="0" total="1" passed="0" failed="1" skipped="0">
  <reporter-output>
  </reporter-output>
  <suite started-at="2024-08-06T06:28:55Z" name="Suite" finished-at="2024-08-06T06:29:40Z" duration-ms="44370">
    <groups>
    </groups>
    <test started-at="2024-08-06T06:28:55Z" name="Test" finished-at="2024-08-06T06:29:21Z" duration-ms="25573">
      <class name="TestComponents.OrderProduct">
        <test-method is-config="true" signature="preConditions()[pri:0, instance:TestComponents.OrderProduct@1838ccb8]" started-at="2024-08-06T06:28:56Z" name="preConditions" finished-at="2024-08-06T06:29:01Z" duration-ms="5733" status="PASS">
          <reporter-output>
          </reporter-output>
        </test-method> <!-- preConditions -->
        <test-method signature="TestCase001(java.util.HashMap)[pri:0, instance:TestComponents.OrderProduct@1838ccb8]" started-at="2024-08-06T06:29:01Z" name="TestCase001" data-provider="getData" finished-at="2024-08-06T06:29:19Z" duration-ms="17252" status="FAIL">
          <params>
            <param index="0">
              <value>
                <![CDATA[{name=8248607808, password=Santyvas@1203}]]>
              </value>
            </param>
          </params>
          <exception class="java.lang.AssertionError">
            <message>
              <![CDATA[expected [4] but found [1]]]>
            </message>
            <full-stacktrace>
              <![CDATA[java.lang.AssertionError: expected [4] but found [1]
at org.testng.Assert.fail(Assert.java:96)
at org.testng.Assert.failNotEquals(Assert.java:776)
at org.testng.Assert.assertEqualsImpl(Assert.java:137)
at org.testng.Assert.assertEquals(Assert.java:118)
at org.testng.Assert.assertEquals(Assert.java:453)
at org.testng.Assert.assertEquals(Assert.java:463)
at PageObjects.CheckOutPage.quantityCheck(CheckOutPage.java:48)
at TestComponents.OrderProduct.TestCase001(OrderProduct.java:28)
at java.base/jdk.internal.reflect.NativeMethodAccessorImpl.invoke0(Native Method)
at java.base/jdk.internal.reflect.NativeMethodAccessorImpl.invoke(NativeMethodAccessorImpl.java:78)
at java.base/jdk.internal.reflect.DelegatingMethodAccessorImpl.invoke(DelegatingMethodAccessorImpl.java:43)
at java.base/java.lang.reflect.Method.invoke(Method.java:567)
at org.testng.internal.MethodInvocationHelper.invokeMethod(MethodInvocationHelper.java:124)
at org.testng.internal.Invoker.invokeMethod(Invoker.java:583)
at org.testng.internal.Invoker.invokeTestMethod(Invoker.java:719)
at org.testng.internal.Invoker.invokeTestMethods(Invoker.java:989)
at org.testng.internal.TestMethodWorker.invokeTestMethods(TestMethodWorker.java:125)
at org.testng.internal.TestMethodWorker.run(TestMethodWorker.java:109)
at java.base/java.util.concurrent.ThreadPoolExecutor.runWorker(ThreadPoolExecutor.java:1130)
at java.base/java.util.concurrent.ThreadPoolExecutor$Worker.run(ThreadPoolExecutor.java:630)
at java.base/java.lang.Thread.run(Thread.java:831)
]]>
            </full-stacktrace>
          </exception> <!-- java.lang.AssertionError -->
          <reporter-output>
          </reporter-output>
        </test-method> <!-- TestCase001 -->
        <test-method is-config="true" signature="postCondition()[pri:0, instance:TestComponents.OrderProduct@1838ccb8]" started-at="2024-08-06T06:29:19Z" name="postCondition" finished-at="2024-08-06T06:29:21Z" duration-ms="1895" status="PASS">
          <reporter-output>
          </reporter-output>
        </test-method> <!-- postCondition -->
      </class> <!-- TestComponents.OrderProduct -->
    </test> <!-- Test -->
    <test started-at="2024-08-06T06:29:21Z" name="Test2" finished-at="2024-08-06T06:29:40Z" duration-ms="18304">
      <class name="TestComponents.OrderProduct">
        <test-method is-config="true" signature="preConditions()[pri:0, instance:TestComponents.OrderProduct@481ba2cf]" started-at="2024-08-06T06:29:21Z" name="preConditions" finished-at="2024-08-06T06:29:26Z" duration-ms="5124" status="PASS">
          <reporter-output>
          </reporter-output>
        </test-method> <!-- preConditions -->
      </class> <!-- TestComponents.OrderProduct -->
    </test> <!-- Test2 -->
  </suite> <!-- Suite -->
</testng-results>
